Build started 12/15/2011 8:21:03 PM.
     1>Project "C:\Users\Alpha\Documents\Visual Studio 2010\Projects\CSE240Project\CSE240Project\CSE240Project.vcxproj" on node 2 (build target(s)).
     1>InitializeBuildStatus:
         Touching "Debug\CSE240Project.unsuccessfulbuild".
       ClCompile:
         All outputs are up-to-date.
       Link:
         c:\Program Files (x86)\Microsoft Visual Studio 10.0\VC\bin\link.exe /ERRORREPORT:PROMPT /OUT:"C:\Users\Alpha\Documents\Visual Studio 2010\Projects\CSE240Project\Debug\CSE240Project.exe" /NOLOGO SDLmain.lib SDL.lib SDL_Image.lib SDL_ttf.lib kernel32.lib user32.lib gdi32.lib winspool.lib comdlg32.lib advapi32.lib shell32.lib ole32.lib oleaut32.lib uuid.lib odbc32.lib odbccp32.lib /MANIFEST /ManifestFile:"Debug\CSE240Project.exe.intermediate.manifest" /MANIFESTUAC:"level='asInvoker' uiAccess='false'" /DEBUG /PDB:"C:\Users\Alpha\Documents\Visual Studio 2010\Projects\CSE240Project\Debug\CSE240Project.pdb" /SUBSYSTEM:WINDOWS /TLBID:1 /DYNAMICBASE /NXCOMPAT /IMPLIB:"C:\Users\Alpha\Documents\Visual Studio 2010\Projects\CSE240Project\Debug\CSE240Project.lib" /MACHINE:X86 Debug\Ball.obj
         Debug\CEvent.obj
         Debug\Collision.obj
         Debug\CSurface.obj
         Debug\Cursor.obj
         Debug\Game.obj
         Debug\Input_Events.obj
         Debug\Line.obj
         Debug\main.obj
     1>SDLmain.lib(SDL_windows_main.obj) : warning LNK4099: PDB 'vc100.pdb' was not found with 'SDLmain.lib(SDL_windows_main.obj)' or at 'C:\Users\Alpha\Documents\Visual Studio 2010\Projects\CSE240Project\Debug\vc100.pdb'; linking object as if no debug info
         CSE240Project.vcxproj -> C:\Users\Alpha\Documents\Visual Studio 2010\Projects\CSE240Project\Debug\CSE240Project.exe
       Manifest:
         C:\Program Files (x86)\Microsoft SDKs\Windows\v7.0A\bin\mt.exe /nologo /verbose /outputresource:"C:\Users\Alpha\Documents\Visual Studio 2010\Projects\CSE240Project\Debug\CSE240Project.exe;#1" /manifest Debug\CSE240Project.exe.intermediate.manifest
       FinalizeBuildStatus:
         Deleting file "Debug\CSE240Project.unsuccessfulbuild".
         Touching "Debug\CSE240Project.lastbuildstate".
     1>Done Building Project "C:\Users\Alpha\Documents\Visual Studio 2010\Projects\CSE240Project\CSE240Project\CSE240Project.vcxproj" (build target(s)).

Build succeeded.

Time Elapsed 00:00:00.57
