C:\USERS\ALPHA\DOCUMENTS\VISUAL STUDIO 2010\PROJECTS\CSE240PROJECT\CSE240PROJECT\DEBUG\BALL.OBJ
C:\USERS\ALPHA\DOCUMENTS\VISUAL STUDIO 2010\PROJECTS\CSE240PROJECT\CSE240PROJECT\DEBUG\CEVENT.OBJ
C:\Users\Alpha\Documents\Visual Studio 2010\Projects\CSE240Project\CSE240Project\Debug\cl.command.1.tlog
C:\Users\Alpha\Documents\Visual Studio 2010\Projects\CSE240Project\CSE240Project\Debug\CL.read.1.tlog
C:\Users\Alpha\Documents\Visual Studio 2010\Projects\CSE240Project\CSE240Project\Debug\CL.write.1.tlog
C:\USERS\ALPHA\DOCUMENTS\VISUAL STUDIO 2010\PROJECTS\CSE240PROJECT\CSE240PROJECT\DEBUG\COLLISION.OBJ
C:\Users\Alpha\Documents\Visual Studio 2010\Projects\CSE240Project\CSE240Project\Debug\CSE240Project.exe.intermediate.manifest
C:\USERS\ALPHA\DOCUMENTS\VISUAL STUDIO 2010\PROJECTS\CSE240PROJECT\CSE240PROJECT\DEBUG\CSURFACE.OBJ
C:\USERS\ALPHA\DOCUMENTS\VISUAL STUDIO 2010\PROJECTS\CSE240PROJECT\CSE240PROJECT\DEBUG\CURSOR.OBJ
C:\USERS\ALPHA\DOCUMENTS\VISUAL STUDIO 2010\PROJECTS\CSE240PROJECT\CSE240PROJECT\DEBUG\GAME.OBJ
C:\USERS\ALPHA\DOCUMENTS\VISUAL STUDIO 2010\PROJECTS\CSE240PROJECT\CSE240PROJECT\DEBUG\INPUT_EVENTS.OBJ
C:\USERS\ALPHA\DOCUMENTS\VISUAL STUDIO 2010\PROJECTS\CSE240PROJECT\CSE240PROJECT\DEBUG\LINE.OBJ
C:\Users\Alpha\Documents\Visual Studio 2010\Projects\CSE240Project\CSE240Project\Debug\link.command.1.tlog
C:\Users\Alpha\Documents\Visual Studio 2010\Projects\CSE240Project\CSE240Project\Debug\link.read.1.tlog
C:\Users\Alpha\Documents\Visual Studio 2010\Projects\CSE240Project\CSE240Project\Debug\link.write.1.tlog
C:\USERS\ALPHA\DOCUMENTS\VISUAL STUDIO 2010\PROJECTS\CSE240PROJECT\CSE240PROJECT\DEBUG\MAIN.OBJ
C:\Users\Alpha\Documents\Visual Studio 2010\Projects\CSE240Project\CSE240Project\Debug\mt.command.1.tlog
C:\Users\Alpha\Documents\Visual Studio 2010\Projects\CSE240Project\CSE240Project\Debug\mt.read.1.tlog
C:\Users\Alpha\Documents\Visual Studio 2010\Projects\CSE240Project\CSE240Project\Debug\mt.write.1.tlog
C:\Users\Alpha\Documents\Visual Studio 2010\Projects\CSE240Project\CSE240Project\Debug\vc100.idb
C:\USERS\ALPHA\DOCUMENTS\VISUAL STUDIO 2010\PROJECTS\CSE240PROJECT\CSE240PROJECT\DEBUG\VC100.PDB
C:\USERS\ALPHA\DOCUMENTS\VISUAL STUDIO 2010\PROJECTS\CSE240PROJECT\DEBUG\CSE240PROJECT.EXE
C:\Users\Alpha\Documents\Visual Studio 2010\Projects\CSE240Project\Debug\CSE240Project.pdb
